0 info it worked if it ends with ok
1 verbose cli [ '/usr/bin/node', '/usr/bin/npm', 'run', 'wfy' ]
2 info using npm@1.4.21
3 info using node@v0.10.30
4 verbose node symlink /usr/bin/node
5 verbose run-script [ 'prewfy', 'wfy', 'postwfy' ]
6 info prewfy Capstone-Project@0.0.0
7 info wfy Capstone-Project@0.0.0
8 verbose unsafe-perm in lifecycle true
9 info Capstone-Project@0.0.0 Failed to exec wfy script
10 error Capstone-Project@0.0.0 wfy: `watchify --t hbsfy public/js/main.js -o public/js/bundle.js -v`
10 error Exit status 8
11 error Failed at the Capstone-Project@0.0.0 wfy script.
11 error This is most likely a problem with the Capstone-Project package,
11 error not with npm itself.
11 error Tell the author that this fails on your system:
11 error     watchify --t hbsfy public/js/main.js -o public/js/bundle.js -v
11 error You can get their info via:
11 error     npm owner ls Capstone-Project
11 error There is likely additional logging output above.
12 error System Linux 3.13.0-33-generic
13 error command "/usr/bin/node" "/usr/bin/npm" "run" "wfy"
14 error cwd /home/matthew/Desktop/PCS/Capstone/Capstone-Project
15 error node -v v0.10.30
16 error npm -v 1.4.21
17 error code ELIFECYCLE
18 verbose exit [ 1, true ]
